Feb-28 12:11:53.638 [main] DEBUG nextflow.cli.Launcher - $> nextflow run ./signature.nf --sequence_mode ncbi_ids --reads_input_dir ./inputs --metadata_input_dir ./inputs --output_dir ./outputs/ --threads 32 --apiKey f8c11ac715f57fbc1ef5e8a79e596c152208
Feb-28 12:12:00.082 [main] INFO  nextflow.cli.CmdRun - N E X T F L O W  ~  version 19.10.0
Feb-28 12:12:00.697 [main] INFO  nextflow.cli.CmdRun - Launching `./signature.nf` [distracted_tuckerman] - revision: b6da27fa60
Feb-28 12:12:01.287 [main] DEBUG nextflow.config.ConfigBuilder - Found config local: /home/jargentin/soft/pipeline/nextflow.config
Feb-28 12:12:01.297 [main] DEBUG nextflow.config.ConfigBuilder - Parsing config file: /home/jargentin/soft/pipeline/nextflow.config
Feb-28 12:12:02.814 [main] DEBUG nextflow.config.ConfigBuilder - Applying config profile: `standard`
Feb-28 12:12:14.357 [main] ERROR nextflow.cli.Launcher - Unable to parse config file: '/home/jargentin/soft/pipeline/nextflow.config'

  Compile failed for sources FixedSetSources[name='/groovy/script/Script031FF9878D0FFFC7A98515190450A18E/_nf_config_8ce8f818']. Cause: org.codehaus.groovy.control.MultipleCompilationErrorsException: startup failed:
  /groovy/script/Script031FF9878D0FFFC7A98515190450A18E/_nf_config_8ce8f818: 2: unexpected token: << @ line 2, column 1.
     <<<<<<< HEAD
     ^
  
  1 error

ch.grengine.except.CompileException: Compile failed for sources FixedSetSources[name='/groovy/script/Script031FF9878D0FFFC7A98515190450A18E/_nf_config_8ce8f818']. Cause: org.codehaus.groovy.control.MultipleCompilationErrorsException: startup failed:
/groovy/script/Script031FF9878D0FFFC7A98515190450A18E/_nf_config_8ce8f818: 2: unexpected token: << @ line 2, column 1.
   <<<<<<< HEAD
   ^

1 error

	at ch.grengine.code.groovy.DefaultGroovyCompiler.compile(DefaultGroovyCompiler.java:278)
	at ch.grengine.load.DefaultTopCodeCache.getUpToDateCode(DefaultTopCodeCache.java:79)
	at ch.grengine.load.LayeredClassLoader.loadMainClass(LayeredClassLoader.java:179)
	at ch.grengine.engine.LayeredEngine.loadMainClass(LayeredEngine.java:199)
	at ch.grengine.Grengine.loadMainClass(Grengine.java:692)
	at ch.grengine.BaseGrengine.load(BaseGrengine.java:538)
	at ch.grengine.BaseGrengine.load(BaseGrengine.java:420)
	at ch.grengine.BaseGrengine$load.call(Unknown Source)
	at org.codehaus.groovy.runtime.callsite.CallSiteArray.defaultCall(CallSiteArray.java:47)
	at org.codehaus.groovy.runtime.callsite.AbstractCallSite.call(AbstractCallSite.java:115)
	at org.codehaus.groovy.runtime.callsite.AbstractCallSite.call(AbstractCallSite.java:135)
	at nextflow.config.ConfigParser.loadScript(ConfigParser.groovy:211)
	at sun.reflect.NativeMethodAccessorImpl.invoke0(Native Method)
	at sun.reflect.NativeMethodAccessorImpl.invoke(NativeMethodAccessorImpl.java:62)
	at sun.reflect.DelegatingMethodAccessorImpl.invoke(DelegatingMethodAccessorImpl.java:43)
	at java.lang.reflect.Method.invoke(Method.java:498)
	at org.codehaus.groovy.runtime.callsite.PlainObjectMetaMethodSite.doInvoke(PlainObjectMetaMethodSite.java:43)
	at org.codehaus.groovy.runtime.callsite.PogoMetaMethodSite$PogoCachedMethodSiteNoUnwrapNoCoerce.invoke(PogoMetaMethodSite.java:190)
	at org.codehaus.groovy.runtime.callsite.PogoMetaMethodSite.callCurrent(PogoMetaMethodSite.java:58)
	at org.codehaus.groovy.runtime.callsite.CallSiteArray.defaultCallCurrent(CallSiteArray.java:51)
	at org.codehaus.groovy.runtime.callsite.AbstractCallSite.callCurrent(AbstractCallSite.java:156)
	at org.codehaus.groovy.runtime.callsite.AbstractCallSite.callCurrent(AbstractCallSite.java:168)
	at nextflow.config.ConfigParser.parse(ConfigParser.groovy:292)
	at nextflow.config.ConfigParser$parse$3.call(Unknown Source)
	at org.codehaus.groovy.runtime.callsite.CallSiteArray.defaultCall(CallSiteArray.java:47)
	at org.codehaus.groovy.runtime.callsite.AbstractCallSite.call(AbstractCallSite.java:115)
	at org.codehaus.groovy.runtime.callsite.AbstractCallSite.call(AbstractCallSite.java:127)
	at nextflow.config.ConfigBuilder.parse0(ConfigBuilder.groovy:380)
	at sun.reflect.NativeMethodAccessorImpl.invoke0(Native Method)
	at sun.reflect.NativeMethodAccessorImpl.invoke(NativeMethodAccessorImpl.java:62)
	at sun.reflect.DelegatingMethodAccessorImpl.invoke(DelegatingMethodAccessorImpl.java:43)
	at java.lang.reflect.Method.invoke(Method.java:498)
	at org.codehaus.groovy.runtime.callsite.PlainObjectMetaMethodSite.doInvoke(PlainObjectMetaMethodSite.java:43)
	at org.codehaus.groovy.runtime.callsite.PogoMetaMethodSite$PogoCachedMethodSiteNoUnwrapNoCoerce.invoke(PogoMetaMethodSite.java:190)
	at org.codehaus.groovy.runtime.callsite.PogoMetaMethodSite.callCurrent(PogoMetaMethodSite.java:58)
	at org.codehaus.groovy.runtime.callsite.CallSiteArray.defaultCallCurrent(CallSiteArray.java:51)
	at org.codehaus.groovy.runtime.callsite.AbstractCallSite.callCurrent(AbstractCallSite.java:156)
	at org.codehaus.groovy.runtime.callsite.AbstractCallSite.callCurrent(AbstractCallSite.java:176)
	at nextflow.config.ConfigBuilder.merge0(ConfigBuilder.groovy:366)
	at sun.reflect.NativeMethodAccessorImpl.invoke0(Native Method)
	at sun.reflect.NativeMethodAccessorImpl.invoke(NativeMethodAccessorImpl.java:62)
	at sun.reflect.DelegatingMethodAccessorImpl.invoke(DelegatingMethodAccessorImpl.java:43)
	at java.lang.reflect.Method.invoke(Method.java:498)
	at org.codehaus.groovy.runtime.callsite.PlainObjectMetaMethodSite.doInvoke(PlainObjectMetaMethodSite.java:43)
	at org.codehaus.groovy.runtime.callsite.PogoMetaMethodSite$PogoCachedMethodSiteNoUnwrapNoCoerce.invoke(PogoMetaMethodSite.java:190)
	at org.codehaus.groovy.runtime.callsite.PogoMetaMethodSite.callCurrent(PogoMetaMethodSite.java:58)
	at org.codehaus.groovy.runtime.callsite.CallSiteArray.defaultCallCurrent(CallSiteArray.java:51)
	at org.codehaus.groovy.runtime.callsite.AbstractCallSite.callCurrent(AbstractCallSite.java:156)
	at org.codehaus.groovy.runtime.callsite.AbstractCallSite.callCurrent(AbstractCallSite.java:184)
	at nextflow.config.ConfigBuilder.buildConfig0(ConfigBuilder.groovy:316)
	at sun.reflect.NativeMethodAccessorImpl.invoke0(Native Method)
	at sun.reflect.NativeMethodAccessorImpl.invoke(NativeMethodAccessorImpl.java:62)
	at sun.reflect.DelegatingMethodAccessorImpl.invoke(DelegatingMethodAccessorImpl.java:43)
	at java.lang.reflect.Method.invoke(Method.java:498)
	at org.codehaus.groovy.runtime.callsite.PlainObjectMetaMethodSite.doInvoke(PlainObjectMetaMethodSite.java:43)
	at org.codehaus.groovy.runtime.callsite.PogoMetaMethodSite$PogoCachedMethodSiteNoUnwrapNoCoerce.invoke(PogoMetaMethodSite.java:190)
	at org.codehaus.groovy.runtime.callsite.PogoMetaMethodSite.callCurrent(PogoMetaMethodSite.java:58)
	at org.codehaus.groovy.runtime.callsite.CallSiteArray.defaultCallCurrent(CallSiteArray.java:51)
	at org.codehaus.groovy.runtime.callsite.AbstractCallSite.callCurrent(AbstractCallSite.java:156)
	at org.codehaus.groovy.runtime.callsite.AbstractCallSite.callCurrent(AbstractCallSite.java:176)
	at nextflow.config.ConfigBuilder.buildGivenFiles(ConfigBuilder.groovy:282)
	at sun.reflect.NativeMethodAccessorImpl.invoke0(Native Method)
	at sun.reflect.NativeMethodAccessorImpl.invoke(NativeMethodAccessorImpl.java:62)
	at sun.reflect.DelegatingMethodAccessorImpl.invoke(DelegatingMethodAccessorImpl.java:43)
	at java.lang.reflect.Method.invoke(Method.java:498)
	at org.codehaus.groovy.runtime.callsite.PlainObjectMetaMethodSite.doInvoke(PlainObjectMetaMethodSite.java:43)
	at org.codehaus.groovy.runtime.callsite.PogoMetaMethodSite$PogoCachedMethodSiteNoUnwrapNoCoerce.invoke(PogoMetaMethodSite.java:190)
	at org.codehaus.groovy.runtime.callsite.PogoMetaMethodSite.callCurrent(PogoMetaMethodSite.java:58)
	at org.codehaus.groovy.runtime.callsite.CallSiteArray.defaultCallCurrent(CallSiteArray.java:51)
	at org.codehaus.groovy.runtime.callsite.AbstractCallSite.callCurrent(AbstractCallSite.java:156)
	at org.codehaus.groovy.runtime.callsite.AbstractCallSite.callCurrent(AbstractCallSite.java:168)
	at nextflow.config.ConfigBuilder.buildConfigObject(ConfigBuilder.groovy:635)
	at nextflow.config.ConfigBuilder.build(ConfigBuilder.groovy:648)
	at nextflow.script.ScriptRunner.<init>(ScriptRunner.groovy:84)
	at nextflow.cli.CmdRun.run(CmdRun.groovy:238)
	at nextflow.cli.Launcher.run(Launcher.groovy:457)
	at nextflow.cli.Launcher.main(Launcher.groovy:639)
Caused by: org.codehaus.groovy.control.MultipleCompilationErrorsException: startup failed:
/groovy/script/Script031FF9878D0FFFC7A98515190450A18E/_nf_config_8ce8f818: 2: unexpected token: << @ line 2, column 1.
   <<<<<<< HEAD
   ^

1 error

	at org.codehaus.groovy.control.ErrorCollector.failIfErrors(ErrorCollector.java:311)
	at org.codehaus.groovy.control.ErrorCollector.addFatalError(ErrorCollector.java:151)
	at org.codehaus.groovy.control.ErrorCollector.addError(ErrorCollector.java:121)
	at org.codehaus.groovy.control.ErrorCollector.addError(ErrorCollector.java:133)
	at org.codehaus.groovy.control.SourceUnit.addError(SourceUnit.java:325)
	at org.codehaus.groovy.antlr.AntlrParserPlugin.transformCSTIntoAST(AntlrParserPlugin.java:224)
	at org.codehaus.groovy.antlr.AntlrParserPlugin.parseCST(AntlrParserPlugin.java:190)
	at org.codehaus.groovy.control.SourceUnit.parse(SourceUnit.java:226)
	at org.codehaus.groovy.control.CompilationUnit$1.call(CompilationUnit.java:196)
	at org.codehaus.groovy.control.CompilationUnit.applyToSourceUnits(CompilationUnit.java:954)
	at org.codehaus.groovy.control.CompilationUnit.doPhaseOperation(CompilationUnit.java:636)
	at org.codehaus.groovy.control.CompilationUnit.processPhaseOperations(CompilationUnit.java:612)
	at org.codehaus.groovy.control.CompilationUnit.compile(CompilationUnit.java:589)
	at ch.grengine.code.groovy.DefaultGroovyCompiler.compile(DefaultGroovyCompiler.java:241)
	... 76 common frames omitted
